  [1m[36m (0.1ms)[0m  [1mselect sqlite_version(*)[0m
  [1m[35m (47.6ms)[0m  CREATE TABLE "schema_migrations" ("version" varchar(255) NOT NULL) 
  [1m[36m (0.2ms)[0m  [1mPRAGMA index_list("schema_migrations")[0m
  [1m[35m (8.8ms)[0m  CREATE UNIQUE INDEX "unique_schema_migrations" ON "schema_migrations" ("version")
  [1m[36m (0.2ms)[0m  [1mSELECT "schema_migrations"."version" FROM "schema_migrations" [0m
Migrating to CreateMovies (20111119180638)
  [1m[35m (0.7ms)[0m  CREATE TABLE "movies" ("id" INTEGER PRIMARY KEY AUTOINCREMENT NOT NULL, "title" varchar(255), "rating" varchar(255), "description" text, "release_date" datetime, "created_at" datetime, "updated_at" datetime) 
  [1m[36m (0.2ms)[0m  [1mINSERT INTO "schema_migrations" ("version") VALUES ('20111119180638')[0m
  [1m[35m (0.2ms)[0m  select sqlite_version(*)
  [1m[36m (0.1ms)[0m  [1mSELECT "schema_migrations"."version" FROM "schema_migrations" [0m
  [1m[35m (0.0ms)[0m  PRAGMA index_list("movies")
  [1m[36m (0.1ms)[0m  [1mSELECT "schema_migrations"."version" FROM "schema_migrations" [0m
  [1m[35mSQL (28.7ms)[0m  INSERT INTO "movies" ("created_at", "description", "rating", "release_date", "title", "updated_at") VALUES (?, ?, ?, ?, ?, ?)  [["created_at", Mon, 29 Jul 2013 03:32:46 UTC +00:00], ["description", nil], ["rating", "G"], ["release_date", Wed, 25 Nov 1992 00:00:00 UTC +00:00], ["title", "Aladdin"], ["updated_at", Mon, 29 Jul 2013 03:32:46 UTC +00:00]]
  [1m[36mSQL (0.8ms)[0m  [1mINSERT INTO "movies" ("created_at", "description", "rating", "release_date", "title", "updated_at") VALUES (?, ?, ?, ?, ?, ?)[0m  [["created_at", Mon, 29 Jul 2013 03:32:46 UTC +00:00], ["description", nil], ["rating", "R"], ["release_date", Fri, 26 Oct 1984 00:00:00 UTC +00:00], ["title", "The Terminator"], ["updated_at", Mon, 29 Jul 2013 03:32:46 UTC +00:00]]
  [1m[35mSQL (0.7ms)[0m  INSERT INTO "movies" ("created_at", "description", "rating", "release_date", "title", "updated_at") VALUES (?, ?, ?, ?, ?, ?)  [["created_at", Mon, 29 Jul 2013 03:32:46 UTC +00:00], ["description", nil], ["rating", "R"], ["release_date", Fri, 21 Jul 1989 00:00:00 UTC +00:00], ["title", "When Harry Met Sally"], ["updated_at", Mon, 29 Jul 2013 03:32:46 UTC +00:00]]
  [1m[36mSQL (0.6ms)[0m  [1mINSERT INTO "movies" ("created_at", "description", "rating", "release_date", "title", "updated_at") VALUES (?, ?, ?, ?, ?, ?)[0m  [["created_at", Mon, 29 Jul 2013 03:32:46 UTC +00:00], ["description", nil], ["rating", "PG-13"], ["release_date", Wed, 10 Aug 2011 00:00:00 UTC +00:00], ["title", "The Help"], ["updated_at", Mon, 29 Jul 2013 03:32:46 UTC +00:00]]
  [1m[35mSQL (0.8ms)[0m  INSERT INTO "movies" ("created_at", "description", "rating", "release_date", "title", "updated_at") VALUES (?, ?, ?, ?, ?, ?)  [["created_at", Mon, 29 Jul 2013 03:32:46 UTC +00:00], ["description", nil], ["rating", "PG-13"], ["release_date", Fri, 05 Jan 2001 00:00:00 UTC +00:00], ["title", "Chocolat"], ["updated_at", Mon, 29 Jul 2013 03:32:46 UTC +00:00]]
  [1m[36mSQL (0.7ms)[0m  [1mINSERT INTO "movies" ("created_at", "description", "rating", "release_date", "title", "updated_at") VALUES (?, ?, ?, ?, ?, ?)[0m  [["created_at", Mon, 29 Jul 2013 03:32:46 UTC +00:00], ["description", nil], ["rating", "R"], ["release_date", Wed, 25 Apr 2001 00:00:00 UTC +00:00], ["title", "Amelie"], ["updated_at", Mon, 29 Jul 2013 03:32:46 UTC +00:00]]
  [1m[35mSQL (0.7ms)[0m  INSERT INTO "movies" ("created_at", "description", "rating", "release_date", "title", "updated_at") VALUES (?, ?, ?, ?, ?, ?)  [["created_at", Mon, 29 Jul 2013 03:32:46 UTC +00:00], ["description", nil], ["rating", "G"], ["release_date", Sat, 06 Apr 1968 00:00:00 UTC +00:00], ["title", "2001: A Space Odyssey"], ["updated_at", Mon, 29 Jul 2013 03:32:46 UTC +00:00]]
  [1m[36mSQL (0.7ms)[0m  [1mINSERT INTO "movies" ("created_at", "description", "rating", "release_date", "title", "updated_at") VALUES (?, ?, ?, ?, ?, ?)[0m  [["created_at", Mon, 29 Jul 2013 03:32:46 UTC +00:00], ["description", nil], ["rating", "PG"], ["release_date", Fri, 05 Nov 2004 00:00:00 UTC +00:00], ["title", "The Incredibles"], ["updated_at", Mon, 29 Jul 2013 03:32:46 UTC +00:00]]
  [1m[35mSQL (0.7ms)[0m  INSERT INTO "movies" ("created_at", "description", "rating", "release_date", "title", "updated_at") VALUES (?, ?, ?, ?, ?, ?)  [["created_at", Mon, 29 Jul 2013 03:32:46 UTC +00:00], ["description", nil], ["rating", "PG"], ["release_date", Fri, 12 Jun 1981 00:00:00 UTC +00:00], ["title", "Raiders of the Lost Ark"], ["updated_at", Mon, 29 Jul 2013 03:32:46 UTC +00:00]]
  [1m[36mSQL (0.8ms)[0m  [1mINSERT INTO "movies" ("created_at", "description", "rating", "release_date", "title", "updated_at") VALUES (?, ?, ?, ?, ?, ?)[0m  [["created_at", Mon, 29 Jul 2013 03:32:46 UTC +00:00], ["description", nil], ["rating", "G"], ["release_date", Wed, 21 Jun 2000 00:00:00 UTC +00:00], ["title", "Chicken Run"], ["updated_at", Mon, 29 Jul 2013 03:32:46 UTC +00:00]]


Started GET "/movies" for 192.168.1.31 at 2013-07-28 20:33:28 -0700
  Processing by MoviesController#index as HTML
  [1m[36mMovie Load (0.5ms)[0m  [1mSELECT "movies".* FROM "movies" [0m
Rendered movies/index.html.haml within layouts/application (13.8ms)
Compiled application.css  (0ms)  (pid 2812)
Compiled application.js  (15ms)  (pid 2812)
Compiled jquery.js  (11ms)  (pid 2812)
Compiled jquery_ujs.js  (9ms)  (pid 2812)
Completed 200 OK in 133ms (Views: 129.0ms | ActiveRecord: 0.9ms)


Started GET "/assets/jquery_ujs.js?body=1" for 192.168.1.31 at 2013-07-28 20:33:29 -0700
Served asset /jquery_ujs.js - 304 Not Modified (11ms)


Started GET "/assets/jquery.js?body=1" for 192.168.1.31 at 2013-07-28 20:33:29 -0700
Served asset /jquery.js - 304 Not Modified (28ms)


Started GET "/assets/application.css?body=1" for 192.168.1.31 at 2013-07-28 20:33:29 -0700
Served asset /application.css - 304 Not Modified (2ms)


Started GET "/assets/application.js?body=1" for 192.168.1.31 at 2013-07-28 20:33:29 -0700
Served asset /application.js - 304 Not Modified (3ms)


Started GET "/movies/1" for 192.168.1.31 at 2013-07-28 20:33:37 -0700
  Processing by MoviesController#show as HTML
  Parameters: {"id"=>"1"}
  [1m[35mMovie Load (0.2ms)[0m  SELECT "movies".* FROM "movies" WHERE "movies"."id" = ? LIMIT 1  [["id", "1"]]
Rendered movies/show.html.haml within layouts/application (8.9ms)
Completed 200 OK in 17ms (Views: 14.2ms | ActiveRecord: 0.5ms)


Started GET "/assets/jquery.js?body=1" for 192.168.1.31 at 2013-07-28 20:33:37 -0700
Served asset /jquery.js - 304 Not Modified (0ms)


Started GET "/assets/application.js?body=1" for 192.168.1.31 at 2013-07-28 20:33:37 -0700
Served asset /application.js - 304 Not Modified (1ms)


Started GET "/assets/jquery_ujs.js?body=1" for 192.168.1.31 at 2013-07-28 20:33:37 -0700
Served asset /jquery_ujs.js - 304 Not Modified (0ms)


Started GET "/assets/application.css?body=1" for 192.168.1.31 at 2013-07-28 20:33:37 -0700
Served asset /application.css - 304 Not Modified (0ms)


Started GET "/movies" for 192.168.1.31 at 2013-07-31 12:44:46 -0700
  Processing by MoviesController#index as HTML
Completed 500 Internal Server Error in 0ms

NoMethodError (You have a nil object when you didn't expect it!
You might have expected an instance of Array.
The error occurred while evaluating nil.each):
  app/controllers/movies_controller.rb:25:in `index'

Rendered /usr/local/lib/ruby/gems/1.9.1/gems/actionpack-3.1.0/lib/action_dispatch/middleware/templates/rescues/_trace.erb (0.9ms)
Rendered /usr/local/lib/ruby/gems/1.9.1/gems/actionpack-3.1.0/lib/action_dispatch/middleware/templates/rescues/_request_and_response.erb (0.7ms)
Rendered /usr/local/lib/ruby/gems/1.9.1/gems/actionpack-3.1.0/lib/action_dispatch/middleware/templates/rescues/diagnostics.erb within rescues/layout (3.2ms)


Started GET "/movies" for 192.168.1.31 at 2013-07-31 12:44:50 -0700
  Processing by MoviesController#index as HTML
Completed 500 Internal Server Error in 0ms

NoMethodError (You have a nil object when you didn't expect it!
You might have expected an instance of Array.
The error occurred while evaluating nil.each):
  app/controllers/movies_controller.rb:25:in `index'

Rendered /usr/local/lib/ruby/gems/1.9.1/gems/actionpack-3.1.0/lib/action_dispatch/middleware/templates/rescues/_trace.erb (0.5ms)
Rendered /usr/local/lib/ruby/gems/1.9.1/gems/actionpack-3.1.0/lib/action_dispatch/middleware/templates/rescues/_request_and_response.erb (0.7ms)
Rendered /usr/local/lib/ruby/gems/1.9.1/gems/actionpack-3.1.0/lib/action_dispatch/middleware/templates/rescues/diagnostics.erb within rescues/layout (2.8ms)


Started GET "/movies" for 192.168.1.31 at 2013-07-31 12:44:51 -0700
  Processing by MoviesController#index as HTML
Completed 500 Internal Server Error in 0ms

NoMethodError (You have a nil object when you didn't expect it!
You might have expected an instance of Array.
The error occurred while evaluating nil.each):
  app/controllers/movies_controller.rb:25:in `index'

Rendered /usr/local/lib/ruby/gems/1.9.1/gems/actionpack-3.1.0/lib/action_dispatch/middleware/templates/rescues/_trace.erb (0.6ms)
Rendered /usr/local/lib/ruby/gems/1.9.1/gems/actionpack-3.1.0/lib/action_dispatch/middleware/templates/rescues/_request_and_response.erb (0.6ms)
Rendered /usr/local/lib/ruby/gems/1.9.1/gems/actionpack-3.1.0/lib/action_dispatch/middleware/templates/rescues/diagnostics.erb within rescues/layout (2.6ms)


Started GET "/movies" for 192.168.1.31 at 2013-07-31 12:44:52 -0700
  Processing by MoviesController#index as HTML
Completed 500 Internal Server Error in 0ms

NoMethodError (You have a nil object when you didn't expect it!
You might have expected an instance of Array.
The error occurred while evaluating nil.each):
  app/controllers/movies_controller.rb:25:in `index'

Rendered /usr/local/lib/ruby/gems/1.9.1/gems/actionpack-3.1.0/lib/action_dispatch/middleware/templates/rescues/_trace.erb (0.8ms)
Rendered /usr/local/lib/ruby/gems/1.9.1/gems/actionpack-3.1.0/lib/action_dispatch/middleware/templates/rescues/_request_and_response.erb (0.8ms)
Rendered /usr/local/lib/ruby/gems/1.9.1/gems/actionpack-3.1.0/lib/action_dispatch/middleware/templates/rescues/diagnostics.erb within rescues/layout (2.9ms)


Started GET "/movies" for 192.168.1.31 at 2013-07-31 12:44:52 -0700
  Processing by MoviesController#index as HTML
Completed 500 Internal Server Error in 0ms

NoMethodError (You have a nil object when you didn't expect it!
You might have expected an instance of Array.
The error occurred while evaluating nil.each):
  app/controllers/movies_controller.rb:25:in `index'

Rendered /usr/local/lib/ruby/gems/1.9.1/gems/actionpack-3.1.0/lib/action_dispatch/middleware/templates/rescues/_trace.erb (0.8ms)
Rendered /usr/local/lib/ruby/gems/1.9.1/gems/actionpack-3.1.0/lib/action_dispatch/middleware/templates/rescues/_request_and_response.erb (0.6ms)
Rendered /usr/local/lib/ruby/gems/1.9.1/gems/actionpack-3.1.0/lib/action_dispatch/middleware/templates/rescues/diagnostics.erb within rescues/layout (3.3ms)


Started GET "/movies" for 192.168.1.31 at 2013-07-31 12:44:52 -0700
  Processing by MoviesController#index as HTML
Completed 500 Internal Server Error in 0ms

NoMethodError (You have a nil object when you didn't expect it!
You might have expected an instance of Array.
The error occurred while evaluating nil.each):
  app/controllers/movies_controller.rb:25:in `index'

Rendered /usr/local/lib/ruby/gems/1.9.1/gems/actionpack-3.1.0/lib/action_dispatch/middleware/templates/rescues/_trace.erb (0.8ms)
Rendered /usr/local/lib/ruby/gems/1.9.1/gems/actionpack-3.1.0/lib/action_dispatch/middleware/templates/rescues/_request_and_response.erb (0.5ms)
Rendered /usr/local/lib/ruby/gems/1.9.1/gems/actionpack-3.1.0/lib/action_dispatch/middleware/templates/rescues/diagnostics.erb within rescues/layout (3.2ms)


Started GET "/movies" for 192.168.1.31 at 2013-07-31 12:44:53 -0700
  Processing by MoviesController#index as HTML
Completed 500 Internal Server Error in 0ms

NoMethodError (You have a nil object when you didn't expect it!
You might have expected an instance of Array.
The error occurred while evaluating nil.each):
  app/controllers/movies_controller.rb:25:in `index'

Rendered /usr/local/lib/ruby/gems/1.9.1/gems/actionpack-3.1.0/lib/action_dispatch/middleware/templates/rescues/_trace.erb (1.7ms)
Rendered /usr/local/lib/ruby/gems/1.9.1/gems/actionpack-3.1.0/lib/action_dispatch/middleware/templates/rescues/_request_and_response.erb (0.6ms)
Rendered /usr/local/lib/ruby/gems/1.9.1/gems/actionpack-3.1.0/lib/action_dispatch/middleware/templates/rescues/diagnostics.erb within rescues/layout (3.9ms)


Started GET "/movies" for 192.168.1.31 at 2013-07-31 12:44:53 -0700
  Processing by MoviesController#index as HTML
Completed 500 Internal Server Error in 0ms

NoMethodError (You have a nil object when you didn't expect it!
You might have expected an instance of Array.
The error occurred while evaluating nil.each):
  app/controllers/movies_controller.rb:25:in `index'

Rendered /usr/local/lib/ruby/gems/1.9.1/gems/actionpack-3.1.0/lib/action_dispatch/middleware/templates/rescues/_trace.erb (1.6ms)
Rendered /usr/local/lib/ruby/gems/1.9.1/gems/actionpack-3.1.0/lib/action_dispatch/middleware/templates/rescues/_request_and_response.erb (0.7ms)
Rendered /usr/local/lib/ruby/gems/1.9.1/gems/actionpack-3.1.0/lib/action_dispatch/middleware/templates/rescues/diagnostics.erb within rescues/layout (3.8ms)


Started GET "/movies" for 192.168.1.31 at 2013-07-31 12:44:53 -0700
  Processing by MoviesController#index as HTML
Completed 500 Internal Server Error in 0ms

NoMethodError (You have a nil object when you didn't expect it!
You might have expected an instance of Array.
The error occurred while evaluating nil.each):
  app/controllers/movies_controller.rb:25:in `index'

Rendered /usr/local/lib/ruby/gems/1.9.1/gems/actionpack-3.1.0/lib/action_dispatch/middleware/templates/rescues/_trace.erb (0.9ms)
Rendered /usr/local/lib/ruby/gems/1.9.1/gems/actionpack-3.1.0/lib/action_dispatch/middleware/templates/rescues/_request_and_response.erb (0.8ms)
Rendered /usr/local/lib/ruby/gems/1.9.1/gems/actionpack-3.1.0/lib/action_dispatch/middleware/templates/rescues/diagnostics.erb within rescues/layout (3.5ms)


Started GET "/movies" for 192.168.1.31 at 2013-07-31 12:44:53 -0700
  Processing by MoviesController#index as HTML
Completed 500 Internal Server Error in 0ms

NoMethodError (You have a nil object when you didn't expect it!
You might have expected an instance of Array.
The error occurred while evaluating nil.each):
  app/controllers/movies_controller.rb:25:in `index'

Rendered /usr/local/lib/ruby/gems/1.9.1/gems/actionpack-3.1.0/lib/action_dispatch/middleware/templates/rescues/_trace.erb (0.2ms)
Rendered /usr/local/lib/ruby/gems/1.9.1/gems/actionpack-3.1.0/lib/action_dispatch/middleware/templates/rescues/_request_and_response.erb (0.7ms)
Rendered /usr/local/lib/ruby/gems/1.9.1/gems/actionpack-3.1.0/lib/action_dispatch/middleware/templates/rescues/diagnostics.erb within rescues/layout (3.1ms)


Started GET "/movies" for 192.168.1.31 at 2013-07-31 12:44:54 -0700
  Processing by MoviesController#index as HTML
Completed 500 Internal Server Error in 0ms

NoMethodError (You have a nil object when you didn't expect it!
You might have expected an instance of Array.
The error occurred while evaluating nil.each):
  app/controllers/movies_controller.rb:25:in `index'

Rendered /usr/local/lib/ruby/gems/1.9.1/gems/actionpack-3.1.0/lib/action_dispatch/middleware/templates/rescues/_trace.erb (0.8ms)
Rendered /usr/local/lib/ruby/gems/1.9.1/gems/actionpack-3.1.0/lib/action_dispatch/middleware/templates/rescues/_request_and_response.erb (1.3ms)
Rendered /usr/local/lib/ruby/gems/1.9.1/gems/actionpack-3.1.0/lib/action_dispatch/middleware/templates/rescues/diagnostics.erb within rescues/layout (3.5ms)


Started GET "/movies" for 192.168.1.31 at 2013-07-31 12:44:54 -0700
  Processing by MoviesController#index as HTML
Completed 500 Internal Server Error in 0ms

NoMethodError (You have a nil object when you didn't expect it!
You might have expected an instance of Array.
The error occurred while evaluating nil.each):
  app/controllers/movies_controller.rb:25:in `index'

Rendered /usr/local/lib/ruby/gems/1.9.1/gems/actionpack-3.1.0/lib/action_dispatch/middleware/templates/rescues/_trace.erb (0.2ms)
Rendered /usr/local/lib/ruby/gems/1.9.1/gems/actionpack-3.1.0/lib/action_dispatch/middleware/templates/rescues/_request_and_response.erb (0.6ms)
Rendered /usr/local/lib/ruby/gems/1.9.1/gems/actionpack-3.1.0/lib/action_dispatch/middleware/templates/rescues/diagnostics.erb within rescues/layout (3.0ms)


Started GET "/movies" for 192.168.1.31 at 2013-07-31 12:46:40 -0700
  Processing by MoviesController#index as HTML
Completed 500 Internal Server Error in 0ms

NoMethodError (You have a nil object when you didn't expect it!
You might have expected an instance of Array.
The error occurred while evaluating nil.each):
  app/controllers/movies_controller.rb:25:in `index'

Rendered /usr/local/lib/ruby/gems/1.9.1/gems/actionpack-3.1.0/lib/action_dispatch/middleware/templates/rescues/_trace.erb (0.9ms)
Rendered /usr/local/lib/ruby/gems/1.9.1/gems/actionpack-3.1.0/lib/action_dispatch/middleware/templates/rescues/_request_and_response.erb (0.6ms)
Rendered /usr/local/lib/ruby/gems/1.9.1/gems/actionpack-3.1.0/lib/action_dispatch/middleware/templates/rescues/diagnostics.erb within rescues/layout (2.9ms)


Started GET "/movies" for 192.168.1.31 at 2013-07-31 12:46:41 -0700
  Processing by MoviesController#index as HTML
Completed 500 Internal Server Error in 0ms

NoMethodError (You have a nil object when you didn't expect it!
You might have expected an instance of Array.
The error occurred while evaluating nil.each):
  app/controllers/movies_controller.rb:25:in `index'

Rendered /usr/local/lib/ruby/gems/1.9.1/gems/actionpack-3.1.0/lib/action_dispatch/middleware/templates/rescues/_trace.erb (0.8ms)
Rendered /usr/local/lib/ruby/gems/1.9.1/gems/actionpack-3.1.0/lib/action_dispatch/middleware/templates/rescues/_request_and_response.erb (0.6ms)
Rendered /usr/local/lib/ruby/gems/1.9.1/gems/actionpack-3.1.0/lib/action_dispatch/middleware/templates/rescues/diagnostics.erb within rescues/layout (2.9ms)


Started GET "/movies" for 192.168.1.31 at 2013-07-31 12:46:42 -0700
  Processing by MoviesController#index as HTML
Completed 500 Internal Server Error in 0ms

NoMethodError (You have a nil object when you didn't expect it!
You might have expected an instance of Array.
The error occurred while evaluating nil.each):
  app/controllers/movies_controller.rb:25:in `index'

Rendered /usr/local/lib/ruby/gems/1.9.1/gems/actionpack-3.1.0/lib/action_dispatch/middleware/templates/rescues/_trace.erb (0.7ms)
Rendered /usr/local/lib/ruby/gems/1.9.1/gems/actionpack-3.1.0/lib/action_dispatch/middleware/templates/rescues/_request_and_response.erb (0.7ms)
Rendered /usr/local/lib/ruby/gems/1.9.1/gems/actionpack-3.1.0/lib/action_dispatch/middleware/templates/rescues/diagnostics.erb within rescues/layout (2.9ms)


Started GET "/movies" for 192.168.1.31 at 2013-07-31 12:46:42 -0700
  Processing by MoviesController#index as HTML
Completed 500 Internal Server Error in 0ms

NoMethodError (You have a nil object when you didn't expect it!
You might have expected an instance of Array.
The error occurred while evaluating nil.each):
  app/controllers/movies_controller.rb:25:in `index'

Rendered /usr/local/lib/ruby/gems/1.9.1/gems/actionpack-3.1.0/lib/action_dispatch/middleware/templates/rescues/_trace.erb (0.7ms)
Rendered /usr/local/lib/ruby/gems/1.9.1/gems/actionpack-3.1.0/lib/action_dispatch/middleware/templates/rescues/_request_and_response.erb (0.6ms)
Rendered /usr/local/lib/ruby/gems/1.9.1/gems/actionpack-3.1.0/lib/action_dispatch/middleware/templates/rescues/diagnostics.erb within rescues/layout (3.0ms)


Started GET "/movies" for 192.168.1.31 at 2013-07-31 12:46:44 -0700
  Processing by MoviesController#index as HTML
Completed 500 Internal Server Error in 0ms

NoMethodError (You have a nil object when you didn't expect it!
You might have expected an instance of Array.
The error occurred while evaluating nil.each):
  app/controllers/movies_controller.rb:25:in `index'

Rendered /usr/local/lib/ruby/gems/1.9.1/gems/actionpack-3.1.0/lib/action_dispatch/middleware/templates/rescues/_trace.erb (0.8ms)
Rendered /usr/local/lib/ruby/gems/1.9.1/gems/actionpack-3.1.0/lib/action_dispatch/middleware/templates/rescues/_request_and_response.erb (0.6ms)
Rendered /usr/local/lib/ruby/gems/1.9.1/gems/actionpack-3.1.0/lib/action_dispatch/middleware/templates/rescues/diagnostics.erb within rescues/layout (3.8ms)


Started GET "/movies" for 192.168.1.31 at 2013-07-31 12:46:45 -0700
  Processing by MoviesController#index as HTML
Completed 500 Internal Server Error in 0ms

NoMethodError (You have a nil object when you didn't expect it!
You might have expected an instance of Array.
The error occurred while evaluating nil.each):
  app/controllers/movies_controller.rb:25:in `index'

Rendered /usr/local/lib/ruby/gems/1.9.1/gems/actionpack-3.1.0/lib/action_dispatch/middleware/templates/rescues/_trace.erb (0.9ms)
Rendered /usr/local/lib/ruby/gems/1.9.1/gems/actionpack-3.1.0/lib/action_dispatch/middleware/templates/rescues/_request_and_response.erb (0.8ms)
Rendered /usr/local/lib/ruby/gems/1.9.1/gems/actionpack-3.1.0/lib/action_dispatch/middleware/templates/rescues/diagnostics.erb within rescues/layout (3.2ms)


Started GET "/movies" for 192.168.1.31 at 2013-07-31 12:46:54 -0700
  Processing by MoviesController#index as HTML
Completed 500 Internal Server Error in 0ms

NoMethodError (You have a nil object when you didn't expect it!
You might have expected an instance of Array.
The error occurred while evaluating nil.each):
  app/controllers/movies_controller.rb:25:in `index'

Rendered /usr/local/lib/ruby/gems/1.9.1/gems/actionpack-3.1.0/lib/action_dispatch/middleware/templates/rescues/_trace.erb (0.9ms)
Rendered /usr/local/lib/ruby/gems/1.9.1/gems/actionpack-3.1.0/lib/action_dispatch/middleware/templates/rescues/_request_and_response.erb (0.6ms)
Rendered /usr/local/lib/ruby/gems/1.9.1/gems/actionpack-3.1.0/lib/action_dispatch/middleware/templates/rescues/diagnostics.erb within rescues/layout (3.0ms)


Started GET "/movies" for 192.168.1.31 at 2013-07-31 12:48:02 -0700

NoMethodError (undefined method `all_ratings' for #<Class:0xb31aef60>):
  app/controllers/movies_controller.rb:4:in `initialize'

Rendered /usr/local/lib/ruby/gems/1.9.1/gems/actionpack-3.1.0/lib/action_dispatch/middleware/templates/rescues/_trace.erb (1.0ms)
Rendered /usr/local/lib/ruby/gems/1.9.1/gems/actionpack-3.1.0/lib/action_dispatch/middleware/templates/rescues/_request_and_response.erb (0.6ms)
Rendered /usr/local/lib/ruby/gems/1.9.1/gems/actionpack-3.1.0/lib/action_dispatch/middleware/templates/rescues/diagnostics.erb within rescues/layout (3.2ms)


Started GET "/movies" for 192.168.1.31 at 2013-07-31 12:48:04 -0700

NoMethodError (undefined method `all_ratings' for #<Class:0xb2f4be1c>):
  app/controllers/movies_controller.rb:4:in `initialize'

Rendered /usr/local/lib/ruby/gems/1.9.1/gems/actionpack-3.1.0/lib/action_dispatch/middleware/templates/rescues/_trace.erb (0.7ms)
Rendered /usr/local/lib/ruby/gems/1.9.1/gems/actionpack-3.1.0/lib/action_dispatch/middleware/templates/rescues/_request_and_response.erb (0.6ms)
Rendered /usr/local/lib/ruby/gems/1.9.1/gems/actionpack-3.1.0/lib/action_dispatch/middleware/templates/rescues/diagnostics.erb within rescues/layout (2.8ms)


Started GET "/movies" for 192.168.1.31 at 2013-07-31 12:48:04 -0700

NoMethodError (undefined method `all_ratings' for #<Class:0x94d4780>):
  app/controllers/movies_controller.rb:4:in `initialize'

Rendered /usr/local/lib/ruby/gems/1.9.1/gems/actionpack-3.1.0/lib/action_dispatch/middleware/templates/rescues/_trace.erb (0.8ms)
Rendered /usr/local/lib/ruby/gems/1.9.1/gems/actionpack-3.1.0/lib/action_dispatch/middleware/templates/rescues/_request_and_response.erb (0.6ms)
Rendered /usr/local/lib/ruby/gems/1.9.1/gems/actionpack-3.1.0/lib/action_dispatch/middleware/templates/rescues/diagnostics.erb within rescues/layout (3.0ms)


Started GET "/movies" for 192.168.1.31 at 2013-07-31 12:48:05 -0700

NoMethodError (undefined method `all_ratings' for #<Class:0xb3abd138>):
  app/controllers/movies_controller.rb:4:in `initialize'

Rendered /usr/local/lib/ruby/gems/1.9.1/gems/actionpack-3.1.0/lib/action_dispatch/middleware/templates/rescues/_trace.erb (0.8ms)
Rendered /usr/local/lib/ruby/gems/1.9.1/gems/actionpack-3.1.0/lib/action_dispatch/middleware/templates/rescues/_request_and_response.erb (0.7ms)
Rendered /usr/local/lib/ruby/gems/1.9.1/gems/actionpack-3.1.0/lib/action_dispatch/middleware/templates/rescues/diagnostics.erb within rescues/layout (3.4ms)


Started GET "/movies" for 192.168.1.31 at 2013-07-31 12:48:05 -0700

NoMethodError (undefined method `all_ratings' for #<Class:0xb367e464>):
  app/controllers/movies_controller.rb:4:in `initialize'

Rendered /usr/local/lib/ruby/gems/1.9.1/gems/actionpack-3.1.0/lib/action_dispatch/middleware/templates/rescues/_trace.erb (1.6ms)
Rendered /usr/local/lib/ruby/gems/1.9.1/gems/actionpack-3.1.0/lib/action_dispatch/middleware/templates/rescues/_request_and_response.erb (0.7ms)
Rendered /usr/local/lib/ruby/gems/1.9.1/gems/actionpack-3.1.0/lib/action_dispatch/middleware/templates/rescues/diagnostics.erb within rescues/layout (3.9ms)


Started GET "/movies" for 192.168.1.31 at 2013-07-31 12:48:05 -0700

NoMethodError (undefined method `all_ratings' for #<Class:0xb31ac8c8>):
  app/controllers/movies_controller.rb:4:in `initialize'

Rendered /usr/local/lib/ruby/gems/1.9.1/gems/actionpack-3.1.0/lib/action_dispatch/middleware/templates/rescues/_trace.erb (0.8ms)
Rendered /usr/local/lib/ruby/gems/1.9.1/gems/actionpack-3.1.0/lib/action_dispatch/middleware/templates/rescues/_request_and_response.erb (0.7ms)
Rendered /usr/local/lib/ruby/gems/1.9.1/gems/actionpack-3.1.0/lib/action_dispatch/middleware/templates/rescues/diagnostics.erb within rescues/layout (3.0ms)


Started GET "/movies" for 192.168.1.31 at 2013-07-31 12:48:08 -0700

NoMethodError (undefined method `all_ratings' for #<Class:0xb2f8e8ac>):
  app/controllers/movies_controller.rb:4:in `initialize'

Rendered /usr/local/lib/ruby/gems/1.9.1/gems/actionpack-3.1.0/lib/action_dispatch/middleware/templates/rescues/_trace.erb (0.7ms)
Rendered /usr/local/lib/ruby/gems/1.9.1/gems/actionpack-3.1.0/lib/action_dispatch/middleware/templates/rescues/_request_and_response.erb (0.6ms)
Rendered /usr/local/lib/ruby/gems/1.9.1/gems/actionpack-3.1.0/lib/action_dispatch/middleware/templates/rescues/diagnostics.erb within rescues/layout (2.9ms)


Started GET "/movies" for 192.168.1.31 at 2013-07-31 12:48:36 -0700

NoMethodError (undefined method `all_ratings' for #<Class:0x97ecdb4>):
  app/controllers/movies_controller.rb:4:in `initialize'

Rendered /usr/local/lib/ruby/gems/1.9.1/gems/actionpack-3.1.0/lib/action_dispatch/middleware/templates/rescues/_trace.erb (1.6ms)
Rendered /usr/local/lib/ruby/gems/1.9.1/gems/actionpack-3.1.0/lib/action_dispatch/middleware/templates/rescues/_request_and_response.erb (0.7ms)
Rendered /usr/local/lib/ruby/gems/1.9.1/gems/actionpack-3.1.0/lib/action_dispatch/middleware/templates/rescues/diagnostics.erb within rescues/layout (4.1ms)


Started GET "/movies" for 192.168.1.31 at 2013-07-31 12:48:37 -0700

NoMethodError (undefined method `all_ratings' for #<Class:0xb3e37214>):
  app/controllers/movies_controller.rb:4:in `initialize'

Rendered /usr/local/lib/ruby/gems/1.9.1/gems/actionpack-3.1.0/lib/action_dispatch/middleware/templates/rescues/_trace.erb (0.7ms)
Rendered /usr/local/lib/ruby/gems/1.9.1/gems/actionpack-3.1.0/lib/action_dispatch/middleware/templates/rescues/_request_and_response.erb (0.9ms)
Rendered /usr/local/lib/ruby/gems/1.9.1/gems/actionpack-3.1.0/lib/action_dispatch/middleware/templates/rescues/diagnostics.erb within rescues/layout (3.3ms)


Started GET "/movies" for 192.168.1.31 at 2013-07-31 12:48:38 -0700

NoMethodError (undefined method `all_ratings' for #<Class:0xb376a468>):
  app/controllers/movies_controller.rb:4:in `initialize'

Rendered /usr/local/lib/ruby/gems/1.9.1/gems/actionpack-3.1.0/lib/action_dispatch/middleware/templates/rescues/_trace.erb (0.9ms)
Rendered /usr/local/lib/ruby/gems/1.9.1/gems/actionpack-3.1.0/lib/action_dispatch/middleware/templates/rescues/_request_and_response.erb (1.0ms)
Rendered /usr/local/lib/ruby/gems/1.9.1/gems/actionpack-3.1.0/lib/action_dispatch/middleware/templates/rescues/diagnostics.erb within rescues/layout (3.7ms)


Started GET "/movies" for 192.168.1.31 at 2013-07-31 12:48:38 -0700

NoMethodError (undefined method `all_ratings' for #<Class:0xb31fcdc8>):
  app/controllers/movies_controller.rb:4:in `initialize'

Rendered /usr/local/lib/ruby/gems/1.9.1/gems/actionpack-3.1.0/lib/action_dispatch/middleware/templates/rescues/_trace.erb (0.7ms)
Rendered /usr/local/lib/ruby/gems/1.9.1/gems/actionpack-3.1.0/lib/action_dispatch/middleware/templates/rescues/_request_and_response.erb (0.7ms)
Rendered /usr/local/lib/ruby/gems/1.9.1/gems/actionpack-3.1.0/lib/action_dispatch/middleware/templates/rescues/diagnostics.erb within rescues/layout (2.9ms)


Started GET "/movies" for 192.168.1.31 at 2013-07-31 12:48:39 -0700

NoMethodError (undefined method `all_ratings' for #<Class:0xb2faed00>):
  app/controllers/movies_controller.rb:4:in `initialize'

Rendered /usr/local/lib/ruby/gems/1.9.1/gems/actionpack-3.1.0/lib/action_dispatch/middleware/templates/rescues/_trace.erb (0.5ms)
Rendered /usr/local/lib/ruby/gems/1.9.1/gems/actionpack-3.1.0/lib/action_dispatch/middleware/templates/rescues/_request_and_response.erb (0.6ms)
Rendered /usr/local/lib/ruby/gems/1.9.1/gems/actionpack-3.1.0/lib/action_dispatch/middleware/templates/rescues/diagnostics.erb within rescues/layout (2.6ms)


Started GET "/movies" for 192.168.1.31 at 2013-07-31 12:48:39 -0700

NoMethodError (undefined method `all_ratings' for #<Class:0xb2d5b314>):
  app/controllers/movies_controller.rb:4:in `initialize'

Rendered /usr/local/lib/ruby/gems/1.9.1/gems/actionpack-3.1.0/lib/action_dispatch/middleware/templates/rescues/_trace.erb (0.8ms)
Rendered /usr/local/lib/ruby/gems/1.9.1/gems/actionpack-3.1.0/lib/action_dispatch/middleware/templates/rescues/_request_and_response.erb (0.6ms)
Rendered /usr/local/lib/ruby/gems/1.9.1/gems/actionpack-3.1.0/lib/action_dispatch/middleware/templates/rescues/diagnostics.erb within rescues/layout (2.8ms)


Started GET "/movies" for 192.168.1.31 at 2013-07-31 12:48:40 -0700

NoMethodError (undefined method `all_ratings' for #<Class:0xb2e47d18>):
  app/controllers/movies_controller.rb:4:in `initialize'

Rendered /usr/local/lib/ruby/gems/1.9.1/gems/actionpack-3.1.0/lib/action_dispatch/middleware/templates/rescues/_trace.erb (0.8ms)
Rendered /usr/local/lib/ruby/gems/1.9.1/gems/actionpack-3.1.0/lib/action_dispatch/middleware/templates/rescues/_request_and_response.erb (0.6ms)
Rendered /usr/local/lib/ruby/gems/1.9.1/gems/actionpack-3.1.0/lib/action_dispatch/middleware/templates/rescues/diagnostics.erb within rescues/layout (3.9ms)


Started GET "/movies" for 192.168.1.31 at 2013-07-31 12:50:18 -0700
  [1m[36mMovie Load (0.1ms)[0m  [1mSELECT rating FROM "movies" GROUP BY rating[0m
  Processing by MoviesController#index as HTML
Redirected to http://192.168.1.40:3000/movies?ratings%5BG%5D=1&ratings%5BPG%5D=1&ratings%5BPG-13%5D=1&ratings%5BR%5D=1
  [1m[35mMovie Load (0.1ms)[0m  SELECT "movies".* FROM "movies" ORDER BY id
Completed 302 Found in 2ms


Started GET "/movies?ratings%5BG%5D=1&ratings%5BPG%5D=1&ratings%5BPG-13%5D=1&ratings%5BR%5D=1" for 192.168.1.31 at 2013-07-31 12:50:18 -0700
  [1m[36mMovie Load (0.1ms)[0m  [1mSELECT rating FROM "movies" GROUP BY rating[0m
  Processing by MoviesController#index as HTML
  Parameters: {"ratings"=>{"G"=>"1", "PG"=>"1", "PG-13"=>"1", "R"=>"1"}}
  [1m[35mMovie Load (0.1ms)[0m  SELECT "movies".* FROM "movies" ORDER BY id
Rendered movies/index.html.haml within layouts/application (37.5ms)
Completed 200 OK in 1165ms (Views: 1163.1ms | ActiveRecord: 0.3ms)


Started GET "/movies" for 192.168.1.31 at 2013-07-31 12:50:20 -0700
  [1m[36mMovie Load (0.2ms)[0m  [1mSELECT rating FROM "movies" GROUP BY rating[0m
  Processing by MoviesController#index as HTML
Redirected to http://192.168.1.40:3000/movies?ratings%5BG%5D=1&ratings%5BPG%5D=1&ratings%5BPG-13%5D=1&ratings%5BR%5D=1
  [1m[35mMovie Load (0.2ms)[0m  SELECT "movies".* FROM "movies" ORDER BY id
Completed 302 Found in 2ms


Started GET "/movies?ratings%5BG%5D=1&ratings%5BPG%5D=1&ratings%5BPG-13%5D=1&ratings%5BR%5D=1" for 192.168.1.31 at 2013-07-31 12:50:20 -0700
  [1m[36mMovie Load (0.2ms)[0m  [1mSELECT rating FROM "movies" GROUP BY rating[0m
  Processing by MoviesController#index as HTML
  Parameters: {"ratings"=>{"G"=>"1", "PG"=>"1", "PG-13"=>"1", "R"=>"1"}}
  [1m[35mMovie Load (0.1ms)[0m  SELECT "movies".* FROM "movies" ORDER BY id
Rendered movies/index.html.haml within layouts/application (4.2ms)
Completed 200 OK in 11ms (Views: 9.8ms | ActiveRecord: 0.3ms)


Started GET "/movies?ratings%5BG%5D=1&ratings%5BPG%5D=1&ratings%5BPG-13%5D=1&ratings%5BR%5D=1" for 192.168.1.31 at 2013-07-31 12:50:22 -0700
  [1m[36mMovie Load (0.1ms)[0m  [1mSELECT rating FROM "movies" GROUP BY rating[0m
  Processing by MoviesController#index as HTML
  Parameters: {"ratings"=>{"G"=>"1", "PG"=>"1", "PG-13"=>"1", "R"=>"1"}}
  [1m[35mMovie Load (0.1ms)[0m  SELECT "movies".* FROM "movies" ORDER BY id
Rendered movies/index.html.haml within layouts/application (4.0ms)
Completed 200 OK in 10ms (Views: 8.7ms | ActiveRecord: 0.3ms)


Started GET "/assets/application.css?body=1" for 192.168.1.31 at 2013-07-31 12:50:22 -0700
Served asset /application.css - 200 OK (10ms)


Started GET "/assets/jquery.js?body=1" for 192.168.1.31 at 2013-07-31 12:50:22 -0700
Served asset /jquery.js - 200 OK (7ms)


Started GET "/assets/jquery_ujs.js?body=1" for 192.168.1.31 at 2013-07-31 12:50:22 -0700
Served asset /jquery_ujs.js - 200 OK (4ms)


Started GET "/assets/application.js?body=1" for 192.168.1.31 at 2013-07-31 12:50:22 -0700
Served asset /application.js - 200 OK (55ms)


Started GET "/movies?ratings%5BG%5D=1&ratings%5BPG%5D=1&ratings%5BPG-13%5D=1&ratings%5BR%5D=1" for 192.168.1.31 at 2013-07-31 12:51:26 -0700
  [1m[36mMovie Load (0.2ms)[0m  [1mSELECT rating FROM "movies" GROUP BY rating[0m
  Processing by MoviesController#index as HTML
  Parameters: {"ratings"=>{"G"=>"1", "PG"=>"1", "PG-13"=>"1", "R"=>"1"}}
  [1m[35mMovie Load (0.1ms)[0m  SELECT "movies".* FROM "movies" ORDER BY id
Rendered movies/index.html.haml within layouts/application (8.5ms)
Completed 200 OK in 15ms (Views: 13.5ms | ActiveRecord: 0.3ms)


Started GET "/assets/application.js?body=1" for 192.168.1.31 at 2013-07-31 12:51:26 -0700
Served asset /application.js - 304 Not Modified (0ms)


Started GET "/assets/jquery_ujs.js?body=1" for 192.168.1.31 at 2013-07-31 12:51:26 -0700
Served asset /jquery_ujs.js - 304 Not Modified (0ms)


Started GET "/assets/jquery.js?body=1" for 192.168.1.31 at 2013-07-31 12:51:26 -0700
Served asset /jquery.js - 304 Not Modified (0ms)


Started GET "/assets/application.css?body=1" for 192.168.1.31 at 2013-07-31 12:51:26 -0700
Served asset /application.css - 304 Not Modified (0ms)


Started GET "/movies?sort=title" for 192.168.1.31 at 2013-07-31 12:51:28 -0700
  [1m[36mMovie Load (0.2ms)[0m  [1mSELECT rating FROM "movies" GROUP BY rating[0m
  Processing by MoviesController#index as HTML
  Parameters: {"sort"=>"title"}
Redirected to http://192.168.1.40:3000/movies?ratings%5BG%5D=1&ratings%5BPG%5D=1&ratings%5BPG-13%5D=1&ratings%5BR%5D=1&sort=title
  [1m[35mMovie Load (0.2ms)[0m  SELECT "movies".* FROM "movies" ORDER BY title
Completed 302 Found in 2ms


Started GET "/movies?ratings%5BG%5D=1&ratings%5BPG%5D=1&ratings%5BPG-13%5D=1&ratings%5BR%5D=1&sort=title" for 192.168.1.31 at 2013-07-31 12:51:28 -0700
  [1m[36mMovie Load (0.9ms)[0m  [1mSELECT rating FROM "movies" GROUP BY rating[0m
  Processing by MoviesController#index as HTML
  Parameters: {"ratings"=>{"G"=>"1", "PG"=>"1", "PG-13"=>"1", "R"=>"1"}, "sort"=>"title"}
  [1m[35mMovie Load (0.2ms)[0m  SELECT "movies".* FROM "movies" ORDER BY title
Rendered movies/index.html.haml within layouts/application (5.6ms)
Completed 200 OK in 11ms (Views: 10.2ms | ActiveRecord: 0.3ms)


Started GET "/assets/jquery_ujs.js?body=1" for 192.168.1.31 at 2013-07-31 12:51:28 -0700
Served asset /jquery_ujs.js - 304 Not Modified (0ms)


Started GET "/assets/application.js?body=1" for 192.168.1.31 at 2013-07-31 12:51:28 -0700
Served asset /application.js - 304 Not Modified (0ms)


Started GET "/assets/application.css?body=1" for 192.168.1.31 at 2013-07-31 12:51:28 -0700
Served asset /application.css - 304 Not Modified (0ms)


Started GET "/assets/jquery.js?body=1" for 192.168.1.31 at 2013-07-31 12:51:28 -0700
Served asset /jquery.js - 304 Not Modified (0ms)


Started GET "/movies?sort=title" for 192.168.1.31 at 2013-07-31 12:51:29 -0700
  [1m[36mMovie Load (0.1ms)[0m  [1mSELECT rating FROM "movies" GROUP BY rating[0m
  Processing by MoviesController#index as HTML
  Parameters: {"sort"=>"title"}
Redirected to http://192.168.1.40:3000/movies?ratings%5BG%5D=1&ratings%5BPG%5D=1&ratings%5BPG-13%5D=1&ratings%5BR%5D=1&sort=title
  [1m[35mMovie Load (0.2ms)[0m  SELECT "movies".* FROM "movies" ORDER BY title
Completed 302 Found in 2ms


Started GET "/movies?ratings%5BG%5D=1&ratings%5BPG%5D=1&ratings%5BPG-13%5D=1&ratings%5BR%5D=1&sort=title" for 192.168.1.31 at 2013-07-31 12:51:29 -0700
  [1m[36mMovie Load (0.3ms)[0m  [1mSELECT rating FROM "movies" GROUP BY rating[0m
  Processing by MoviesController#index as HTML
  Parameters: {"ratings"=>{"G"=>"1", "PG"=>"1", "PG-13"=>"1", "R"=>"1"}, "sort"=>"title"}
  [1m[35mMovie Load (0.2ms)[0m  SELECT "movies".* FROM "movies" ORDER BY title
Rendered movies/index.html.haml within layouts/application (5.1ms)
Completed 200 OK in 11ms (Views: 9.8ms | ActiveRecord: 0.3ms)


Started GET "/assets/jquery.js?body=1" for 192.168.1.31 at 2013-07-31 12:51:29 -0700
Served asset /jquery.js - 304 Not Modified (0ms)


Started GET "/assets/application.js?body=1" for 192.168.1.31 at 2013-07-31 12:51:29 -0700
Served asset /application.js - 304 Not Modified (0ms)


Started GET "/assets/application.css?body=1" for 192.168.1.31 at 2013-07-31 12:51:29 -0700
Served asset /application.css - 304 Not Modified (0ms)


Started GET "/assets/jquery_ujs.js?body=1" for 192.168.1.31 at 2013-07-31 12:51:29 -0700
Served asset /jquery_ujs.js - 304 Not Modified (0ms)


Started GET "/movies?sort=title" for 192.168.1.31 at 2013-07-31 12:51:31 -0700
  [1m[36mMovie Load (0.2ms)[0m  [1mSELECT rating FROM "movies" GROUP BY rating[0m
  Processing by MoviesController#index as HTML
  Parameters: {"sort"=>"title"}
Redirected to http://192.168.1.40:3000/movies?ratings%5BG%5D=1&ratings%5BPG%5D=1&ratings%5BPG-13%5D=1&ratings%5BR%5D=1&sort=title
  [1m[35mMovie Load (0.2ms)[0m  SELECT "movies".* FROM "movies" ORDER BY title
Completed 302 Found in 2ms


Started GET "/movies?ratings%5BG%5D=1&ratings%5BPG%5D=1&ratings%5BPG-13%5D=1&ratings%5BR%5D=1&sort=title" for 192.168.1.31 at 2013-07-31 12:51:31 -0700
  [1m[36mMovie Load (0.2ms)[0m  [1mSELECT rating FROM "movies" GROUP BY rating[0m
  Processing by MoviesController#index as HTML
  Parameters: {"ratings"=>{"G"=>"1", "PG"=>"1", "PG-13"=>"1", "R"=>"1"}, "sort"=>"title"}
  [1m[35mMovie Load (0.2ms)[0m  SELECT "movies".* FROM "movies" ORDER BY title
Rendered movies/index.html.haml within layouts/application (5.7ms)
Completed 200 OK in 12ms (Views: 10.9ms | ActiveRecord: 0.3ms)


Started GET "/assets/application.js?body=1" for 192.168.1.31 at 2013-07-31 12:51:31 -0700
Served asset /application.js - 304 Not Modified (0ms)


Started GET "/assets/jquery_ujs.js?body=1" for 192.168.1.31 at 2013-07-31 12:51:31 -0700
Served asset /jquery_ujs.js - 304 Not Modified (0ms)


Started GET "/assets/jquery.js?body=1" for 192.168.1.31 at 2013-07-31 12:51:31 -0700
Served asset /jquery.js - 304 Not Modified (0ms)


Started GET "/assets/application.css?body=1" for 192.168.1.31 at 2013-07-31 12:51:31 -0700
Served asset /application.css - 304 Not Modified (0ms)


Started GET "/movies?utf8=%E2%9C%93&ratings%5BG%5D=1&ratings%5BPG%5D=1&ratings%5BPG-13%5D=1&commit=Refresh" for 192.168.1.31 at 2013-07-31 12:51:35 -0700
  [1m[36mMovie Load (0.2ms)[0m  [1mSELECT rating FROM "movies" GROUP BY rating[0m
  Processing by MoviesController#index as HTML
  Parameters: {"utf8"=>"✓", "ratings"=>{"G"=>"1", "PG"=>"1", "PG-13"=>"1"}, "commit"=>"Refresh"}
Redirected to http://192.168.1.40:3000/movies?ratings%5BG%5D=1&ratings%5BPG%5D=1&ratings%5BPG-13%5D=1&sort=title
  [1m[35mMovie Load (0.2ms)[0m  SELECT "movies".* FROM "movies" ORDER BY title
Completed 302 Found in 2ms


Started GET "/movies?ratings%5BG%5D=1&ratings%5BPG%5D=1&ratings%5BPG-13%5D=1&sort=title" for 192.168.1.31 at 2013-07-31 12:51:35 -0700
  [1m[36mMovie Load (0.1ms)[0m  [1mSELECT rating FROM "movies" GROUP BY rating[0m
  Processing by MoviesController#index as HTML
  Parameters: {"ratings"=>{"G"=>"1", "PG"=>"1", "PG-13"=>"1"}, "sort"=>"title"}
  [1m[35mMovie Load (0.2ms)[0m  SELECT "movies".* FROM "movies" ORDER BY title
Rendered movies/index.html.haml within layouts/application (4.8ms)
Completed 200 OK in 10ms (Views: 8.6ms | ActiveRecord: 0.3ms)


Started GET "/assets/jquery_ujs.js?body=1" for 192.168.1.31 at 2013-07-31 12:51:35 -0700
Served asset /jquery_ujs.js - 304 Not Modified (0ms)


Started GET "/assets/jquery.js?body=1" for 192.168.1.31 at 2013-07-31 12:51:35 -0700
Served asset /jquery.js - 304 Not Modified (0ms)


Started GET "/assets/application.css?body=1" for 192.168.1.31 at 2013-07-31 12:51:35 -0700
Served asset /application.css - 304 Not Modified (0ms)


Started GET "/assets/application.js?body=1" for 192.168.1.31 at 2013-07-31 12:51:35 -0700
Served asset /application.js - 304 Not Modified (0ms)


Started GET "/movies?utf8=%E2%9C%93&ratings%5BG%5D=1&ratings%5BPG%5D=1&ratings%5BPG-13%5D=1&ratings%5BR%5D=1&commit=Refresh" for 192.168.1.31 at 2013-07-31 12:51:37 -0700
  [1m[36mMovie Load (0.1ms)[0m  [1mSELECT rating FROM "movies" GROUP BY rating[0m
  Processing by MoviesController#index as HTML
  Parameters: {"utf8"=>"✓", "ratings"=>{"G"=>"1", "PG"=>"1", "PG-13"=>"1", "R"=>"1"}, "commit"=>"Refresh"}
Redirected to http://192.168.1.40:3000/movies?ratings%5BG%5D=1&ratings%5BPG%5D=1&ratings%5BPG-13%5D=1&ratings%5BR%5D=1&sort=title
  [1m[35mMovie Load (0.2ms)[0m  SELECT "movies".* FROM "movies" ORDER BY title
Completed 302 Found in 2ms


Started GET "/movies?ratings%5BG%5D=1&ratings%5BPG%5D=1&ratings%5BPG-13%5D=1&ratings%5BR%5D=1&sort=title" for 192.168.1.31 at 2013-07-31 12:51:37 -0700
  [1m[36mMovie Load (0.1ms)[0m  [1mSELECT rating FROM "movies" GROUP BY rating[0m
  Processing by MoviesController#index as HTML
  Parameters: {"ratings"=>{"G"=>"1", "PG"=>"1", "PG-13"=>"1", "R"=>"1"}, "sort"=>"title"}
  [1m[35mMovie Load (0.2ms)[0m  SELECT "movies".* FROM "movies" ORDER BY title
Rendered movies/index.html.haml within layouts/application (5.2ms)
Completed 200 OK in 10ms (Views: 9.1ms | ActiveRecord: 0.3ms)


Started GET "/assets/application.css?body=1" for 192.168.1.31 at 2013-07-31 12:51:37 -0700
Served asset /application.css - 304 Not Modified (0ms)


Started GET "/assets/jquery_ujs.js?body=1" for 192.168.1.31 at 2013-07-31 12:51:37 -0700
Served asset /jquery_ujs.js - 304 Not Modified (0ms)


Started GET "/assets/application.js?body=1" for 192.168.1.31 at 2013-07-31 12:51:37 -0700
Served asset /application.js - 304 Not Modified (0ms)


Started GET "/assets/jquery.js?body=1" for 192.168.1.31 at 2013-07-31 12:51:37 -0700
Served asset /jquery.js - 304 Not Modified (0ms)


Started GET "/assets/rails.png" for 192.168.1.31 at 2013-07-31 13:34:07 -0700
Served asset /rails.png - 200 OK (2ms)


Started GET "/movies" for 192.168.1.31 at 2013-07-31 13:34:10 -0700
  [1m[36mMovie Load (0.1ms)[0m  [1mSELECT rating FROM "movies" GROUP BY rating[0m
  Processing by MoviesController#index as HTML
Redirected to http://192.168.1.40:3000/movies?ratings%5BG%5D=1&ratings%5BPG%5D=1&ratings%5BPG-13%5D=1&ratings%5BR%5D=1&sort=title
  [1m[35mMovie Load (0.2ms)[0m  SELECT "movies".* FROM "movies" ORDER BY title
Completed 302 Found in 2ms


Started GET "/movies?ratings%5BG%5D=1&ratings%5BPG%5D=1&ratings%5BPG-13%5D=1&ratings%5BR%5D=1&sort=title" for 192.168.1.31 at 2013-07-31 13:34:11 -0700
  [1m[36mMovie Load (0.1ms)[0m  [1mSELECT rating FROM "movies" GROUP BY rating[0m
  Processing by MoviesController#index as HTML
  Parameters: {"ratings"=>{"G"=>"1", "PG"=>"1", "PG-13"=>"1", "R"=>"1"}, "sort"=>"title"}
  [1m[35mMovie Load (0.2ms)[0m  SELECT "movies".* FROM "movies" ORDER BY title
Rendered movies/index.html.haml within layouts/application (11.1ms)
Completed 200 OK in 71ms (Views: 69.6ms | ActiveRecord: 0.3ms)


Started GET "/assets/jquery_ujs.js?body=1" for 192.168.1.31 at 2013-07-31 13:34:11 -0700
Served asset /jquery_ujs.js - 304 Not Modified (4ms)


Started GET "/assets/application.js?body=1" for 192.168.1.31 at 2013-07-31 13:34:11 -0700
Served asset /application.js - 304 Not Modified (0ms)


Started GET "/assets/jquery.js?body=1" for 192.168.1.31 at 2013-07-31 13:34:11 -0700
Served asset /jquery.js - 304 Not Modified (2ms)


Started GET "/assets/application.css?body=1" for 192.168.1.31 at 2013-07-31 13:34:11 -0700
Served asset /application.css - 304 Not Modified (0ms)


Started GET "/movies?sort=release_date" for 192.168.1.31 at 2013-07-31 13:34:14 -0700
  [1m[36mMovie Load (0.2ms)[0m  [1mSELECT rating FROM "movies" GROUP BY rating[0m
  Processing by MoviesController#index as HTML
  Parameters: {"sort"=>"release_date"}
Redirected to http://192.168.1.40:3000/movies?ratings%5BG%5D=1&ratings%5BPG%5D=1&ratings%5BPG-13%5D=1&ratings%5BR%5D=1&sort=release_date
  [1m[35mMovie Load (0.2ms)[0m  SELECT "movies".* FROM "movies" ORDER BY release_date
Completed 302 Found in 2ms


Started GET "/movies?ratings%5BG%5D=1&ratings%5BPG%5D=1&ratings%5BPG-13%5D=1&ratings%5BR%5D=1&sort=release_date" for 192.168.1.31 at 2013-07-31 13:34:14 -0700
  [1m[36mMovie Load (0.1ms)[0m  [1mSELECT rating FROM "movies" GROUP BY rating[0m
  Processing by MoviesController#index as HTML
  Parameters: {"ratings"=>{"G"=>"1", "PG"=>"1", "PG-13"=>"1", "R"=>"1"}, "sort"=>"release_date"}
  [1m[35mMovie Load (0.2ms)[0m  SELECT "movies".* FROM "movies" ORDER BY release_date
Rendered movies/index.html.haml within layouts/application (5.2ms)
Completed 200 OK in 10ms (Views: 9.2ms | ActiveRecord: 0.3ms)


Started GET "/assets/jquery.js?body=1" for 192.168.1.31 at 2013-07-31 13:34:14 -0700
Served asset /jquery.js - 304 Not Modified (0ms)


Started GET "/assets/application.js?body=1" for 192.168.1.31 at 2013-07-31 13:34:14 -0700
Served asset /application.js - 304 Not Modified (0ms)


Started GET "/assets/jquery_ujs.js?body=1" for 192.168.1.31 at 2013-07-31 13:34:14 -0700
Served asset /jquery_ujs.js - 304 Not Modified (0ms)


Started GET "/assets/application.css?body=1" for 192.168.1.31 at 2013-07-31 13:34:14 -0700
Served asset /application.css - 304 Not Modified (0ms)


Started GET "/movies?sort=release_date" for 192.168.1.31 at 2013-07-31 13:34:15 -0700
  [1m[36mMovie Load (0.1ms)[0m  [1mSELECT rating FROM "movies" GROUP BY rating[0m
  Processing by MoviesController#index as HTML
  Parameters: {"sort"=>"release_date"}
Redirected to http://192.168.1.40:3000/movies?ratings%5BG%5D=1&ratings%5BPG%5D=1&ratings%5BPG-13%5D=1&ratings%5BR%5D=1&sort=release_date
  [1m[35mMovie Load (0.2ms)[0m  SELECT "movies".* FROM "movies" ORDER BY release_date
Completed 302 Found in 2ms


Started GET "/movies?ratings%5BG%5D=1&ratings%5BPG%5D=1&ratings%5BPG-13%5D=1&ratings%5BR%5D=1&sort=release_date" for 192.168.1.31 at 2013-07-31 13:34:15 -0700
  [1m[36mMovie Load (0.2ms)[0m  [1mSELECT rating FROM "movies" GROUP BY rating[0m
  Processing by MoviesController#index as HTML
  Parameters: {"ratings"=>{"G"=>"1", "PG"=>"1", "PG-13"=>"1", "R"=>"1"}, "sort"=>"release_date"}
  [1m[35mMovie Load (0.2ms)[0m  SELECT "movies".* FROM "movies" ORDER BY release_date
Rendered movies/index.html.haml within layouts/application (31.0ms)
Completed 200 OK in 38ms (Views: 36.7ms | ActiveRecord: 0.3ms)


Started GET "/assets/jquery.js?body=1" for 192.168.1.31 at 2013-07-31 13:34:15 -0700
Served asset /jquery.js - 304 Not Modified (0ms)


Started GET "/assets/application.js?body=1" for 192.168.1.31 at 2013-07-31 13:34:15 -0700
Served asset /application.js - 304 Not Modified (0ms)


Started GET "/assets/jquery_ujs.js?body=1" for 192.168.1.31 at 2013-07-31 13:34:15 -0700
Served asset /jquery_ujs.js - 304 Not Modified (0ms)


Started GET "/assets/application.css?body=1" for 192.168.1.31 at 2013-07-31 13:34:15 -0700
Served asset /application.css - 304 Not Modified (0ms)


Started GET "/assets/rails.png" for 192.168.1.31 at 2013-07-31 18:44:08 -0700
Served asset /rails.png - 304 Not Modified (50ms)


Started GET "/movies" for 192.168.1.31 at 2013-07-31 18:44:15 -0700
  [1m[36mMovie Load (0.2ms)[0m  [1mSELECT rating FROM "movies" GROUP BY rating[0m
  Processing by MoviesController#index as HTML
Redirected to http://192.168.1.40:3000/movies?ratings%5BG%5D=1&ratings%5BPG%5D=1&ratings%5BPG-13%5D=1&ratings%5BR%5D=1
  [1m[35mMovie Load (0.5ms)[0m  SELECT "movies".* FROM "movies" ORDER BY id
Completed 302 Found in 3ms


Started GET "/movies?ratings%5BG%5D=1&ratings%5BPG%5D=1&ratings%5BPG-13%5D=1&ratings%5BR%5D=1" for 192.168.1.31 at 2013-07-31 18:44:15 -0700
  [1m[36mMovie Load (0.1ms)[0m  [1mSELECT rating FROM "movies" GROUP BY rating[0m
  Processing by MoviesController#index as HTML
  Parameters: {"ratings"=>{"G"=>"1", "PG"=>"1", "PG-13"=>"1", "R"=>"1"}}
  [1m[35mMovie Load (0.1ms)[0m  SELECT "movies".* FROM "movies" ORDER BY id
Rendered movies/index.html.haml within layouts/application (49.2ms)
Completed 200 OK in 234ms (Views: 233.2ms | ActiveRecord: 0.3ms)


Started GET "/assets/application.css?body=1" for 192.168.1.31 at 2013-07-31 18:44:16 -0700
Served asset /application.css - 304 Not Modified (0ms)


Started GET "/assets/application.js?body=1" for 192.168.1.31 at 2013-07-31 18:44:16 -0700
Served asset /application.js - 304 Not Modified (0ms)


Started GET "/assets/jquery.js?body=1" for 192.168.1.31 at 2013-07-31 18:44:16 -0700
Served asset /jquery.js - 304 Not Modified (2ms)


Started GET "/assets/jquery_ujs.js?body=1" for 192.168.1.31 at 2013-07-31 18:44:16 -0700
Served asset /jquery_ujs.js - 304 Not Modified (2ms)
